{"contracts/common/Ownable.sol":{"l":{"18":29,"19":29,"26":3,"33":5,"34":3,"41":7,"51":1,"52":1,"60":2,"68":2,"69":1,"70":1},"path":"/Users/milenradkov/git/softuni/solidity-smart-contracts-2018/decentralized-dns/smart-contract/contracts/common/Ownable.sol","s":{"1":29,"2":29,"3":3,"4":5,"5":7,"6":1,"7":1,"8":2,"9":2,"10":1,"11":1},"b":{"1":[3,2],"2":[1,1]},"f":{"1":29,"2":3,"3":5,"4":7,"5":1,"6":2,"7":2},"fnMap":{"1":{"name":null,"line":17,"loc":{"start":{"line":17,"column":4},"end":{"line":17,"column":25}}},"2":{"name":"owner","line":25,"loc":{"start":{"line":25,"column":4},"end":{"line":25,"column":48}}},"3":{"name":"onlyOwner","line":32,"loc":{"start":{"line":32,"column":4},"end":{"line":32,"column":22}}},"4":{"name":"isOwner","line":40,"loc":{"start":{"line":40,"column":4},"end":{"line":40,"column":47}}},"5":{"name":"renounceOwnership","line":50,"loc":{"start":{"line":50,"column":4},"end":{"line":50,"column":47}}},"6":{"name":"transferOwnership","line":59,"loc":{"start":{"line":59,"column":4},"end":{"line":59,"column":63}}},"7":{"name":"_transferOwnership","line":67,"loc":{"start":{"line":67,"column":4},"end":{"line":67,"column":56}}}},"statementMap":{"1":{"start":{"line":18,"column":8},"end":{"line":18,"column":26}},"2":{"start":{"line":19,"column":8},"end":{"line":19,"column":53}},"3":{"start":{"line":26,"column":8},"end":{"line":26,"column":21}},"4":{"start":{"line":33,"column":8},"end":{"line":33,"column":25}},"5":{"start":{"line":41,"column":8},"end":{"line":41,"column":35}},"6":{"start":{"line":51,"column":8},"end":{"line":51,"column":53}},"7":{"start":{"line":52,"column":8},"end":{"line":52,"column":26}},"8":{"start":{"line":60,"column":8},"end":{"line":60,"column":35}},"9":{"start":{"line":68,"column":8},"end":{"line":68,"column":38}},"10":{"start":{"line":69,"column":8},"end":{"line":69,"column":51}},"11":{"start":{"line":70,"column":8},"end":{"line":70,"column":24}}},"branchMap":{"1":{"line":33,"type":"if","locations":[{"start":{"line":33,"column":8},"end":{"line":33,"column":8}},{"start":{"line":33,"column":8},"end":{"line":33,"column":8}}]},"2":{"line":68,"type":"if","locations":[{"start":{"line":68,"column":8},"end":{"line":68,"column":8}},{"start":{"line":68,"column":8},"end":{"line":68,"column":8}}]}}},"contracts/common/Secondary.sol":{"l":{"18":8,"19":8,"26":9,"27":6,"34":2,"42":4,"43":3,"44":3},"path":"/Users/milenradkov/git/softuni/solidity-smart-contracts-2018/decentralized-dns/smart-contract/contracts/common/Secondary.sol","s":{"1":8,"2":8,"3":9,"4":2,"5":4,"6":3,"7":3},"b":{"1":[6,3],"2":[3,1]},"f":{"1":8,"2":9,"3":2,"4":4},"fnMap":{"1":{"name":null,"line":17,"loc":{"start":{"line":17,"column":4},"end":{"line":17,"column":25}}},"2":{"name":"onlyPrimary","line":25,"loc":{"start":{"line":25,"column":4},"end":{"line":25,"column":24}}},"3":{"name":"primary","line":33,"loc":{"start":{"line":33,"column":4},"end":{"line":33,"column":50}}},"4":{"name":"transferPrimary","line":41,"loc":{"start":{"line":41,"column":4},"end":{"line":41,"column":64}}}},"statementMap":{"1":{"start":{"line":18,"column":8},"end":{"line":18,"column":28}},"2":{"start":{"line":19,"column":8},"end":{"line":19,"column":41}},"3":{"start":{"line":26,"column":8},"end":{"line":26,"column":38}},"4":{"start":{"line":34,"column":8},"end":{"line":34,"column":23}},"5":{"start":{"line":42,"column":8},"end":{"line":42,"column":39}},"6":{"start":{"line":43,"column":8},"end":{"line":43,"column":27}},"7":{"start":{"line":44,"column":8},"end":{"line":44,"column":41}}},"branchMap":{"1":{"line":26,"type":"if","locations":[{"start":{"line":26,"column":8},"end":{"line":26,"column":8}},{"start":{"line":26,"column":8},"end":{"line":26,"column":8}}]},"2":{"line":42,"type":"if","locations":[{"start":{"line":42,"column":8},"end":{"line":42,"column":8}},{"start":{"line":42,"column":8},"end":{"line":42,"column":8}}]}}},"contracts/DDNSService.sol":{"l":{"45":17,"46":17,"50":16,"54":17,"55":17,"59":14,"63":9,"64":9,"68":6,"72":18,"76":17,"80":17,"84":17,"157":14,"160":14,"171":14,"174":14,"183":14,"186":14,"189":14,"192":14,"200":14,"222":0,"225":0,"228":0,"237":0,"240":0,"243":0,"246":0,"254":0,"277":2,"280":2,"283":2,"301":3,"304":2,"307":2,"310":2,"332":0,"335":0,"350":37,"352":4,"356":33,"363":0,"371":0,"384":47,"395":14,"402":0},"path":"/Users/milenradkov/git/softuni/solidity-smart-contracts-2018/decentralized-dns/smart-contract/contracts/DDNSService.sol","s":{"1":17,"2":17,"3":17,"4":17,"5":9,"6":9,"7":18,"8":17,"9":14,"10":14,"11":14,"12":14,"13":14,"14":14,"15":14,"16":14,"17":0,"18":0,"19":0,"20":0,"21":0,"22":0,"23":0,"24":2,"25":2,"26":2,"27":3,"28":2,"29":2,"30":2,"31":0,"32":0,"33":37,"34":4,"35":33,"36":0,"37":0,"38":47,"39":14},"b":{"1":[16,1],"2":[14,3],"3":[6,3],"4":[17,1],"5":[17,0],"6":[2,1],"7":[4,33]},"f":{"1":17,"2":17,"3":9,"4":18,"5":17,"6":23,"7":14,"8":0,"9":2,"10":3,"11":0,"12":37,"13":0,"14":0,"15":47,"16":14,"17":0},"fnMap":{"1":{"name":"isAvailable","line":44,"loc":{"start":{"line":44,"column":4},"end":{"line":44,"column":61}}},"2":{"name":"collectDomainNamePayment","line":53,"loc":{"start":{"line":53,"column":4},"end":{"line":53,"column":56}}},"3":{"name":"isDomainOwner","line":62,"loc":{"start":{"line":62,"column":4},"end":{"line":62,"column":63}}},"4":{"name":"isDomainNameLengthAllowed","line":71,"loc":{"start":{"line":71,"column":4},"end":{"line":71,"column":57}}},"5":{"name":"isTopLevelLengthAllowed","line":79,"loc":{"start":{"line":79,"column":4},"end":{"line":79,"column":52}}},"6":{"name":null,"line":134,"loc":{"start":{"line":134,"column":4},"end":{"line":134,"column":22}}},"7":{"name":"register","line":144,"loc":{"start":{"line":144,"column":4},"end":{"line":155,"column":5}}},"8":{"name":"renewDomainName","line":212,"loc":{"start":{"line":212,"column":4},"end":{"line":220,"column":5}}},"9":{"name":"edit","line":268,"loc":{"start":{"line":268,"column":4},"end":{"line":275,"column":5}}},"10":{"name":"transferDomain","line":292,"loc":{"start":{"line":292,"column":4},"end":{"line":299,"column":5}}},"11":{"name":"getIP","line":323,"loc":{"start":{"line":323,"column":4},"end":{"line":330,"column":5}}},"12":{"name":"getPrice","line":342,"loc":{"start":{"line":342,"column":4},"end":{"line":348,"column":5}}},"13":{"name":"getReceiptList","line":362,"loc":{"start":{"line":362,"column":4},"end":{"line":362,"column":66}}},"14":{"name":"getReceipt","line":370,"loc":{"start":{"line":370,"column":4},"end":{"line":370,"column":80}}},"15":{"name":"getDomainHash","line":382,"loc":{"start":{"line":382,"column":4},"end":{"line":382,"column":92}}},"16":{"name":"getReceiptKey","line":393,"loc":{"start":{"line":393,"column":4},"end":{"line":393,"column":92}}},"17":{"name":"withdraw","line":401,"loc":{"start":{"line":401,"column":4},"end":{"line":401,"column":38}}}},"statementMap":{"1":{"start":{"line":45,"column":8},"end":{"line":45,"column":59}},"2":{"start":{"line":46,"column":8},"end":{"line":46,"column":1275}},"3":{"start":{"line":54,"column":8},"end":{"line":54,"column":42}},"4":{"start":{"line":55,"column":8},"end":{"line":55,"column":1534}},"5":{"start":{"line":63,"column":8},"end":{"line":63,"column":59}},"6":{"start":{"line":64,"column":8},"end":{"line":64,"column":1784}},"7":{"start":{"line":72,"column":8},"end":{"line":72,"column":2001}},"8":{"start":{"line":80,"column":8},"end":{"line":80,"column":2197}},"9":{"start":{"line":157,"column":8},"end":{"line":157,"column":59}},"10":{"start":{"line":160,"column":8},"end":{"line":160,"column":4054}},"11":{"start":{"line":171,"column":8},"end":{"line":171,"column":42}},"12":{"start":{"line":174,"column":8},"end":{"line":174,"column":4497}},"13":{"start":{"line":183,"column":8},"end":{"line":183,"column":59}},"14":{"start":{"line":189,"column":8},"end":{"line":189,"column":46}},"15":{"start":{"line":192,"column":8},"end":{"line":192,"column":5118}},"16":{"start":{"line":200,"column":8},"end":{"line":200,"column":5332}},"17":{"start":{"line":222,"column":8},"end":{"line":222,"column":59}},"18":{"start":{"line":225,"column":8},"end":{"line":225,"column":50}},"19":{"start":{"line":228,"column":8},"end":{"line":228,"column":6096}},"20":{"start":{"line":237,"column":8},"end":{"line":237,"column":59}},"21":{"start":{"line":243,"column":8},"end":{"line":243,"column":46}},"22":{"start":{"line":246,"column":8},"end":{"line":246,"column":6704}},"23":{"start":{"line":254,"column":8},"end":{"line":254,"column":6877}},"24":{"start":{"line":277,"column":8},"end":{"line":277,"column":59}},"25":{"start":{"line":280,"column":8},"end":{"line":280,"column":41}},"26":{"start":{"line":283,"column":8},"end":{"line":283,"column":74}},"27":{"start":{"line":301,"column":8},"end":{"line":301,"column":38}},"28":{"start":{"line":304,"column":8},"end":{"line":304,"column":59}},"29":{"start":{"line":307,"column":8},"end":{"line":307,"column":47}},"30":{"start":{"line":310,"column":8},"end":{"line":310,"column":8482}},"31":{"start":{"line":332,"column":8},"end":{"line":332,"column":59}},"32":{"start":{"line":335,"column":8},"end":{"line":335,"column":41}},"33":{"start":{"line":350,"column":8},"end":{"line":350,"column":9370}},"34":{"start":{"line":352,"column":12},"end":{"line":352,"column":69}},"35":{"start":{"line":356,"column":8},"end":{"line":356,"column":31}},"36":{"start":{"line":363,"column":8},"end":{"line":363,"column":42}},"37":{"start":{"line":371,"column":8},"end":{"line":371,"column":10058}},"38":{"start":{"line":384,"column":8},"end":{"line":384,"column":60}},"39":{"start":{"line":395,"column":8},"end":{"line":395,"column":89}}},"branchMap":{"1":{"line":46,"type":"if","locations":[{"start":{"line":46,"column":8},"end":{"line":46,"column":8}},{"start":{"line":46,"column":8},"end":{"line":46,"column":8}}]},"2":{"line":55,"type":"if","locations":[{"start":{"line":55,"column":8},"end":{"line":55,"column":8}},{"start":{"line":55,"column":8},"end":{"line":55,"column":8}}]},"3":{"line":64,"type":"if","locations":[{"start":{"line":64,"column":8},"end":{"line":64,"column":8}},{"start":{"line":64,"column":8},"end":{"line":64,"column":8}}]},"4":{"line":72,"type":"if","locations":[{"start":{"line":72,"column":8},"end":{"line":72,"column":8}},{"start":{"line":72,"column":8},"end":{"line":72,"column":8}}]},"5":{"line":80,"type":"if","locations":[{"start":{"line":80,"column":8},"end":{"line":80,"column":8}},{"start":{"line":80,"column":8},"end":{"line":80,"column":8}}]},"6":{"line":301,"type":"if","locations":[{"start":{"line":301,"column":8},"end":{"line":301,"column":8}},{"start":{"line":301,"column":8},"end":{"line":301,"column":8}}]},"7":{"line":350,"type":"if","locations":[{"start":{"line":350,"column":8},"end":{"line":350,"column":8}},{"start":{"line":350,"column":8},"end":{"line":350,"column":8}}]}}},"contracts/libs/SafeMath.sol":{"l":{"15":0,"16":0,"19":0,"20":0,"22":0,"30":0,"31":0,"34":0,"41":0,"42":0,"44":0,"51":0,"52":0,"54":0,"62":0,"63":0},"path":"/Users/milenradkov/git/softuni/solidity-smart-contracts-2018/decentralized-dns/smart-contract/contracts/libs/SafeMath.sol","s":{"1":0,"2":0,"3":0,"4":0,"5":0,"6":0,"7":0,"8":0,"9":0,"10":0,"11":0,"12":0,"13":0,"14":0,"15":0,"16":0},"b":{"1":[0,0],"2":[0,0],"3":[0,0],"4":[0,0],"5":[0,0],"6":[0,0]},"f":{"1":0,"2":0,"3":0,"4":0,"5":0},"fnMap":{"1":{"name":"mul","line":11,"loc":{"start":{"line":11,"column":4},"end":{"line":11,"column":68}}},"2":{"name":"div","line":28,"loc":{"start":{"line":28,"column":4},"end":{"line":28,"column":68}}},"3":{"name":"sub","line":40,"loc":{"start":{"line":40,"column":4},"end":{"line":40,"column":68}}},"4":{"name":"add","line":50,"loc":{"start":{"line":50,"column":4},"end":{"line":50,"column":68}}},"5":{"name":"mod","line":61,"loc":{"start":{"line":61,"column":4},"end":{"line":61,"column":68}}}},"statementMap":{"1":{"start":{"line":15,"column":8},"end":{"line":15,"column":522}},"2":{"start":{"line":16,"column":12},"end":{"line":16,"column":20}},"3":{"start":{"line":19,"column":8},"end":{"line":19,"column":24}},"4":{"start":{"line":20,"column":8},"end":{"line":20,"column":26}},"5":{"start":{"line":22,"column":8},"end":{"line":22,"column":16}},"6":{"start":{"line":30,"column":8},"end":{"line":30,"column":21}},"7":{"start":{"line":31,"column":8},"end":{"line":31,"column":24}},"8":{"start":{"line":34,"column":8},"end":{"line":34,"column":16}},"9":{"start":{"line":41,"column":8},"end":{"line":41,"column":22}},"10":{"start":{"line":42,"column":8},"end":{"line":42,"column":24}},"11":{"start":{"line":44,"column":8},"end":{"line":44,"column":16}},"12":{"start":{"line":51,"column":8},"end":{"line":51,"column":24}},"13":{"start":{"line":52,"column":8},"end":{"line":52,"column":22}},"14":{"start":{"line":54,"column":8},"end":{"line":54,"column":16}},"15":{"start":{"line":62,"column":8},"end":{"line":62,"column":22}},"16":{"start":{"line":63,"column":8},"end":{"line":63,"column":20}}},"branchMap":{"1":{"line":15,"type":"if","locations":[{"start":{"line":15,"column":8},"end":{"line":15,"column":8}},{"start":{"line":15,"column":8},"end":{"line":15,"column":8}}]},"2":{"line":20,"type":"if","locations":[{"start":{"line":20,"column":8},"end":{"line":20,"column":8}},{"start":{"line":20,"column":8},"end":{"line":20,"column":8}}]},"3":{"line":30,"type":"if","locations":[{"start":{"line":30,"column":8},"end":{"line":30,"column":8}},{"start":{"line":30,"column":8},"end":{"line":30,"column":8}}]},"4":{"line":41,"type":"if","locations":[{"start":{"line":41,"column":8},"end":{"line":41,"column":8}},{"start":{"line":41,"column":8},"end":{"line":41,"column":8}}]},"5":{"line":52,"type":"if","locations":[{"start":{"line":52,"column":8},"end":{"line":52,"column":8}},{"start":{"line":52,"column":8},"end":{"line":52,"column":8}}]},"6":{"line":62,"type":"if","locations":[{"start":{"line":62,"column":8},"end":{"line":62,"column":8}},{"start":{"line":62,"column":8},"end":{"line":62,"column":8}}]}}},"contracts/mocks/Acknowledger.sol":{"l":{"9":1,"13":1,"17":1},"path":"/Users/milenradkov/git/softuni/solidity-smart-contracts-2018/decentralized-dns/smart-contract/contracts/mocks/Acknowledger.sol","s":{"1":1,"2":1,"3":1},"b":{},"f":{"1":1,"2":1,"3":1},"fnMap":{"1":{"name":"foo","line":8,"loc":{"start":{"line":8,"column":4},"end":{"line":8,"column":32}}},"2":{"name":"bar","line":12,"loc":{"start":{"line":12,"column":4},"end":{"line":12,"column":32}}},"3":{"name":"bar","line":16,"loc":{"start":{"line":16,"column":4},"end":{"line":16,"column":43}}}},"statementMap":{"1":{"start":{"line":9,"column":8},"end":{"line":9,"column":30}},"2":{"start":{"line":13,"column":8},"end":{"line":13,"column":36}},"3":{"start":{"line":17,"column":8},"end":{"line":17,"column":39}}},"branchMap":{}},"contracts/mocks/EventEmitter.sol":{"l":{"15":50,"16":50,"17":50,"21":2,"25":4,"29":4,"33":3,"37":3,"41":3,"45":3,"49":3,"53":3,"57":3,"58":3,"62":12,"63":12,"71":12},"path":"/Users/milenradkov/git/softuni/solidity-smart-contracts-2018/decentralized-dns/smart-contract/contracts/mocks/EventEmitter.sol","s":{"1":50,"2":50,"3":50,"4":2,"5":4,"6":4,"7":3,"8":3,"9":3,"10":3,"11":3,"12":3,"13":3,"14":3,"15":12,"16":12},"b":{},"f":{"1":50,"2":2,"3":4,"4":4,"5":3,"6":3,"7":3,"8":3,"9":3,"10":3,"11":3,"12":12,"13":12},"fnMap":{"1":{"name":null,"line":14,"loc":{"start":{"line":14,"column":4},"end":{"line":14,"column":77}}},"2":{"name":"emitArgumentless","line":20,"loc":{"start":{"line":20,"column":4},"end":{"line":20,"column":36}}},"3":{"name":"emitShortUint","line":24,"loc":{"start":{"line":24,"column":4},"end":{"line":24,"column":44}}},"4":{"name":"emitShortInt","line":28,"loc":{"start":{"line":28,"column":4},"end":{"line":28,"column":42}}},"5":{"name":"emitLongUint","line":32,"loc":{"start":{"line":32,"column":4},"end":{"line":32,"column":45}}},"6":{"name":"emitLongInt","line":36,"loc":{"start":{"line":36,"column":4},"end":{"line":36,"column":43}}},"7":{"name":"emitAddress","line":40,"loc":{"start":{"line":40,"column":4},"end":{"line":40,"column":44}}},"8":{"name":"emitBoolean","line":44,"loc":{"start":{"line":44,"column":4},"end":{"line":44,"column":41}}},"9":{"name":"emitString","line":48,"loc":{"start":{"line":48,"column":4},"end":{"line":48,"column":42}}},"10":{"name":"emitLongUintBooleanString","line":52,"loc":{"start":{"line":52,"column":4},"end":{"line":52,"column":101}}},"11":{"name":"emitLongUintAndBoolean","line":56,"loc":{"start":{"line":56,"column":4},"end":{"line":56,"column":75}}},"12":{"name":"emitStringAndEmitIndirectly","line":61,"loc":{"start":{"line":61,"column":4},"end":{"line":61,"column":89}}},"13":{"name":"emitStringIndirectly","line":70,"loc":{"start":{"line":70,"column":4},"end":{"line":70,"column":52}}}},"statementMap":{"1":{"start":{"line":15,"column":8},"end":{"line":15,"column":33}},"2":{"start":{"line":16,"column":8},"end":{"line":16,"column":34}},"3":{"start":{"line":17,"column":8},"end":{"line":17,"column":32}},"4":{"start":{"line":21,"column":8},"end":{"line":21,"column":27}},"5":{"start":{"line":25,"column":8},"end":{"line":25,"column":29}},"6":{"start":{"line":29,"column":8},"end":{"line":29,"column":28}},"7":{"start":{"line":33,"column":8},"end":{"line":33,"column":28}},"8":{"start":{"line":37,"column":8},"end":{"line":37,"column":27}},"9":{"start":{"line":41,"column":8},"end":{"line":41,"column":27}},"10":{"start":{"line":45,"column":8},"end":{"line":45,"column":27}},"11":{"start":{"line":49,"column":8},"end":{"line":49,"column":26}},"12":{"start":{"line":53,"column":8},"end":{"line":53,"column":72}},"13":{"start":{"line":57,"column":8},"end":{"line":57,"column":32}},"14":{"start":{"line":58,"column":8},"end":{"line":58,"column":31}},"15":{"start":{"line":62,"column":8},"end":{"line":62,"column":26}},"16":{"start":{"line":71,"column":8},"end":{"line":71,"column":34}}},"branchMap":{}},"contracts/mocks/Failer.sol":{"l":{"10":4,"14":4,"18":4,"19":308},"path":"/Users/milenradkov/git/softuni/solidity-smart-contracts-2018/decentralized-dns/smart-contract/contracts/mocks/Failer.sol","s":{"1":4,"2":4,"3":4},"b":{"1":[0,4]},"f":{"1":4,"2":4,"3":4,"4":4},"fnMap":{"1":{"name":"dontFail","line":6,"loc":{"start":{"line":6,"column":4},"end":{"line":6,"column":33}}},"2":{"name":"failWithRevert","line":9,"loc":{"start":{"line":9,"column":4},"end":{"line":9,"column":39}}},"3":{"name":"failWithThrow","line":13,"loc":{"start":{"line":13,"column":4},"end":{"line":13,"column":38}}},"4":{"name":"failWithOutOfGas","line":17,"loc":{"start":{"line":17,"column":4},"end":{"line":17,"column":36}}}},"statementMap":{"1":{"start":{"line":10,"column":8},"end":{"line":10,"column":15}},"2":{"start":{"line":14,"column":8},"end":{"line":14,"column":20}},"3":{"start":{"line":18,"column":8},"end":{"line":18,"column":319}}},"branchMap":{"1":{"line":14,"type":"if","locations":[{"start":{"line":14,"column":8},"end":{"line":14,"column":8}},{"start":{"line":14,"column":8},"end":{"line":14,"column":8}}]}}},"contracts/mocks/OwanbleInterfaceId.sol":{"l":{"12":1,"13":1},"path":"/Users/milenradkov/git/softuni/solidity-smart-contracts-2018/decentralized-dns/smart-contract/contracts/mocks/OwanbleInterfaceId.sol","s":{"1":1},"b":{},"f":{"1":1},"fnMap":{"1":{"name":"getInterfaceId","line":11,"loc":{"start":{"line":11,"column":4},"end":{"line":11,"column":56}}}},"statementMap":{"1":{"start":{"line":13,"column":8},"end":{"line":13,"column":114}}},"branchMap":{}},"contracts/mocks/OwnableMock.sol":{"l":{},"path":"/Users/milenradkov/git/softuni/solidity-smart-contracts-2018/decentralized-dns/smart-contract/contracts/mocks/OwnableMock.sol","s":{},"b":{},"f":{},"fnMap":{},"statementMap":{},"branchMap":{}},"contracts/mocks/SafeMathMock.sol":{"l":{"7":0,"11":0,"15":0,"19":0,"23":0},"path":"/Users/milenradkov/git/softuni/solidity-smart-contracts-2018/decentralized-dns/smart-contract/contracts/mocks/SafeMathMock.sol","s":{"1":0,"2":0,"3":0,"4":0,"5":0},"b":{},"f":{"1":0,"2":0,"3":0,"4":0,"5":0},"fnMap":{"1":{"name":"mul","line":6,"loc":{"start":{"line":6,"column":4},"end":{"line":6,"column":66}}},"2":{"name":"div","line":10,"loc":{"start":{"line":10,"column":4},"end":{"line":10,"column":66}}},"3":{"name":"sub","line":14,"loc":{"start":{"line":14,"column":4},"end":{"line":14,"column":66}}},"4":{"name":"add","line":18,"loc":{"start":{"line":18,"column":4},"end":{"line":18,"column":66}}},"5":{"name":"mod","line":22,"loc":{"start":{"line":22,"column":4},"end":{"line":22,"column":66}}}},"statementMap":{"1":{"start":{"line":7,"column":8},"end":{"line":7,"column":33}},"2":{"start":{"line":11,"column":8},"end":{"line":11,"column":33}},"3":{"start":{"line":15,"column":8},"end":{"line":15,"column":33}},"4":{"start":{"line":19,"column":8},"end":{"line":19,"column":33}},"5":{"start":{"line":23,"column":8},"end":{"line":23,"column":33}}},"branchMap":{}},"contracts/mocks/SecondaryMock.sol":{"l":{},"path":"/Users/milenradkov/git/softuni/solidity-smart-contracts-2018/decentralized-dns/smart-contract/contracts/mocks/SecondaryMock.sol","s":{},"b":{},"f":{"1":2},"fnMap":{"1":{"name":"onlyPrimaryMock","line":6,"loc":{"start":{"line":6,"column":4},"end":{"line":6,"column":52}}}},"statementMap":{},"branchMap":{}}}