{"contracts/common/Ownable.sol":{"l":{"24":24,"31":0,"38":0,"39":0,"46":0,"56":0,"57":0,"65":0,"73":0,"74":0,"75":0},"path":"/Users/milenradkov/git/softuni/solidity-smart-contracts-2018/decentralized-dns/smart-contract/contracts/common/Ownable.sol","s":{"1":24,"2":0,"3":0,"4":0,"5":0,"6":0,"7":0,"8":0,"9":0,"10":0},"b":{"1":[0,0],"2":[0,0]},"f":{"1":24,"2":0,"3":0,"4":0,"5":0,"6":0,"7":0},"fnMap":{"1":{"name":null,"line":23,"loc":{"start":{"line":23,"column":4},"end":{"line":23,"column":22}}},"2":{"name":"owner","line":30,"loc":{"start":{"line":30,"column":4},"end":{"line":30,"column":47}}},"3":{"name":"onlyOwner","line":37,"loc":{"start":{"line":37,"column":4},"end":{"line":37,"column":22}}},"4":{"name":"isOwner","line":45,"loc":{"start":{"line":45,"column":4},"end":{"line":45,"column":46}}},"5":{"name":"renounceOwnership","line":55,"loc":{"start":{"line":55,"column":4},"end":{"line":55,"column":47}}},"6":{"name":"transferOwnership","line":64,"loc":{"start":{"line":64,"column":4},"end":{"line":64,"column":63}}},"7":{"name":"_transferOwnership","line":72,"loc":{"start":{"line":72,"column":4},"end":{"line":72,"column":56}}}},"statementMap":{"1":{"start":{"line":24,"column":8},"end":{"line":24,"column":26}},"2":{"start":{"line":31,"column":8},"end":{"line":31,"column":21}},"3":{"start":{"line":38,"column":8},"end":{"line":38,"column":25}},"4":{"start":{"line":46,"column":8},"end":{"line":46,"column":35}},"5":{"start":{"line":56,"column":8},"end":{"line":56,"column":39}},"6":{"start":{"line":57,"column":8},"end":{"line":57,"column":26}},"7":{"start":{"line":65,"column":8},"end":{"line":65,"column":35}},"8":{"start":{"line":73,"column":8},"end":{"line":73,"column":38}},"9":{"start":{"line":74,"column":8},"end":{"line":74,"column":51}},"10":{"start":{"line":75,"column":8},"end":{"line":75,"column":24}}},"branchMap":{"1":{"line":38,"type":"if","locations":[{"start":{"line":38,"column":8},"end":{"line":38,"column":8}},{"start":{"line":38,"column":8},"end":{"line":38,"column":8}}]},"2":{"line":73,"type":"if","locations":[{"start":{"line":73,"column":8},"end":{"line":73,"column":8}},{"start":{"line":73,"column":8},"end":{"line":73,"column":8}}]}}},"contracts/DDNSService.sol":{"l":{"45":17,"46":17,"50":16,"54":17,"55":17,"59":14,"63":9,"64":9,"68":6,"72":18,"76":17,"80":17,"84":17,"157":14,"160":14,"171":14,"174":14,"183":14,"186":14,"189":14,"192":14,"200":14,"222":0,"225":0,"228":0,"237":0,"240":0,"243":0,"246":0,"254":0,"277":2,"280":2,"283":2,"301":3,"304":2,"307":2,"310":2,"332":0,"335":0,"350":37,"352":4,"356":33,"363":0,"371":0,"384":47,"395":14,"402":0},"path":"/Users/milenradkov/git/softuni/solidity-smart-contracts-2018/decentralized-dns/smart-contract/contracts/DDNSService.sol","s":{"1":17,"2":17,"3":17,"4":17,"5":9,"6":9,"7":18,"8":17,"9":14,"10":14,"11":14,"12":14,"13":14,"14":14,"15":14,"16":14,"17":0,"18":0,"19":0,"20":0,"21":0,"22":0,"23":0,"24":2,"25":2,"26":2,"27":3,"28":2,"29":2,"30":2,"31":0,"32":0,"33":37,"34":4,"35":33,"36":0,"37":0,"38":47,"39":14},"b":{"1":[16,1],"2":[14,3],"3":[6,3],"4":[17,1],"5":[17,0],"6":[2,1],"7":[4,33]},"f":{"1":17,"2":17,"3":9,"4":18,"5":17,"6":23,"7":14,"8":0,"9":2,"10":3,"11":0,"12":37,"13":0,"14":0,"15":47,"16":14,"17":0},"fnMap":{"1":{"name":"isAvailable","line":44,"loc":{"start":{"line":44,"column":4},"end":{"line":44,"column":61}}},"2":{"name":"collectDomainNamePayment","line":53,"loc":{"start":{"line":53,"column":4},"end":{"line":53,"column":56}}},"3":{"name":"isDomainOwner","line":62,"loc":{"start":{"line":62,"column":4},"end":{"line":62,"column":63}}},"4":{"name":"isDomainNameLengthAllowed","line":71,"loc":{"start":{"line":71,"column":4},"end":{"line":71,"column":57}}},"5":{"name":"isTopLevelLengthAllowed","line":79,"loc":{"start":{"line":79,"column":4},"end":{"line":79,"column":52}}},"6":{"name":null,"line":134,"loc":{"start":{"line":134,"column":4},"end":{"line":134,"column":22}}},"7":{"name":"register","line":144,"loc":{"start":{"line":144,"column":4},"end":{"line":155,"column":5}}},"8":{"name":"renewDomainName","line":212,"loc":{"start":{"line":212,"column":4},"end":{"line":220,"column":5}}},"9":{"name":"edit","line":268,"loc":{"start":{"line":268,"column":4},"end":{"line":275,"column":5}}},"10":{"name":"transferDomain","line":292,"loc":{"start":{"line":292,"column":4},"end":{"line":299,"column":5}}},"11":{"name":"getIP","line":323,"loc":{"start":{"line":323,"column":4},"end":{"line":330,"column":5}}},"12":{"name":"getPrice","line":342,"loc":{"start":{"line":342,"column":4},"end":{"line":348,"column":5}}},"13":{"name":"getReceiptList","line":362,"loc":{"start":{"line":362,"column":4},"end":{"line":362,"column":66}}},"14":{"name":"getReceipt","line":370,"loc":{"start":{"line":370,"column":4},"end":{"line":370,"column":80}}},"15":{"name":"getDomainHash","line":382,"loc":{"start":{"line":382,"column":4},"end":{"line":382,"column":92}}},"16":{"name":"getReceiptKey","line":393,"loc":{"start":{"line":393,"column":4},"end":{"line":393,"column":92}}},"17":{"name":"withdraw","line":401,"loc":{"start":{"line":401,"column":4},"end":{"line":401,"column":38}}}},"statementMap":{"1":{"start":{"line":45,"column":8},"end":{"line":45,"column":59}},"2":{"start":{"line":46,"column":8},"end":{"line":46,"column":1275}},"3":{"start":{"line":54,"column":8},"end":{"line":54,"column":42}},"4":{"start":{"line":55,"column":8},"end":{"line":55,"column":1534}},"5":{"start":{"line":63,"column":8},"end":{"line":63,"column":59}},"6":{"start":{"line":64,"column":8},"end":{"line":64,"column":1784}},"7":{"start":{"line":72,"column":8},"end":{"line":72,"column":2001}},"8":{"start":{"line":80,"column":8},"end":{"line":80,"column":2197}},"9":{"start":{"line":157,"column":8},"end":{"line":157,"column":59}},"10":{"start":{"line":160,"column":8},"end":{"line":160,"column":4054}},"11":{"start":{"line":171,"column":8},"end":{"line":171,"column":42}},"12":{"start":{"line":174,"column":8},"end":{"line":174,"column":4497}},"13":{"start":{"line":183,"column":8},"end":{"line":183,"column":59}},"14":{"start":{"line":189,"column":8},"end":{"line":189,"column":46}},"15":{"start":{"line":192,"column":8},"end":{"line":192,"column":5118}},"16":{"start":{"line":200,"column":8},"end":{"line":200,"column":5332}},"17":{"start":{"line":222,"column":8},"end":{"line":222,"column":59}},"18":{"start":{"line":225,"column":8},"end":{"line":225,"column":50}},"19":{"start":{"line":228,"column":8},"end":{"line":228,"column":6096}},"20":{"start":{"line":237,"column":8},"end":{"line":237,"column":59}},"21":{"start":{"line":243,"column":8},"end":{"line":243,"column":46}},"22":{"start":{"line":246,"column":8},"end":{"line":246,"column":6704}},"23":{"start":{"line":254,"column":8},"end":{"line":254,"column":6877}},"24":{"start":{"line":277,"column":8},"end":{"line":277,"column":59}},"25":{"start":{"line":280,"column":8},"end":{"line":280,"column":41}},"26":{"start":{"line":283,"column":8},"end":{"line":283,"column":74}},"27":{"start":{"line":301,"column":8},"end":{"line":301,"column":38}},"28":{"start":{"line":304,"column":8},"end":{"line":304,"column":59}},"29":{"start":{"line":307,"column":8},"end":{"line":307,"column":47}},"30":{"start":{"line":310,"column":8},"end":{"line":310,"column":8482}},"31":{"start":{"line":332,"column":8},"end":{"line":332,"column":59}},"32":{"start":{"line":335,"column":8},"end":{"line":335,"column":41}},"33":{"start":{"line":350,"column":8},"end":{"line":350,"column":9370}},"34":{"start":{"line":352,"column":12},"end":{"line":352,"column":69}},"35":{"start":{"line":356,"column":8},"end":{"line":356,"column":31}},"36":{"start":{"line":363,"column":8},"end":{"line":363,"column":42}},"37":{"start":{"line":371,"column":8},"end":{"line":371,"column":10058}},"38":{"start":{"line":384,"column":8},"end":{"line":384,"column":60}},"39":{"start":{"line":395,"column":8},"end":{"line":395,"column":89}}},"branchMap":{"1":{"line":46,"type":"if","locations":[{"start":{"line":46,"column":8},"end":{"line":46,"column":8}},{"start":{"line":46,"column":8},"end":{"line":46,"column":8}}]},"2":{"line":55,"type":"if","locations":[{"start":{"line":55,"column":8},"end":{"line":55,"column":8}},{"start":{"line":55,"column":8},"end":{"line":55,"column":8}}]},"3":{"line":64,"type":"if","locations":[{"start":{"line":64,"column":8},"end":{"line":64,"column":8}},{"start":{"line":64,"column":8},"end":{"line":64,"column":8}}]},"4":{"line":72,"type":"if","locations":[{"start":{"line":72,"column":8},"end":{"line":72,"column":8}},{"start":{"line":72,"column":8},"end":{"line":72,"column":8}}]},"5":{"line":80,"type":"if","locations":[{"start":{"line":80,"column":8},"end":{"line":80,"column":8}},{"start":{"line":80,"column":8},"end":{"line":80,"column":8}}]},"6":{"line":301,"type":"if","locations":[{"start":{"line":301,"column":8},"end":{"line":301,"column":8}},{"start":{"line":301,"column":8},"end":{"line":301,"column":8}}]},"7":{"line":350,"type":"if","locations":[{"start":{"line":350,"column":8},"end":{"line":350,"column":8}},{"start":{"line":350,"column":8},"end":{"line":350,"column":8}}]}}},"contracts/libs/SafeMath.sol":{"l":{"6":0,"7":0,"9":0,"10":0,"11":0,"16":0,"17":0,"21":0,"22":0,"26":0,"27":0,"28":0},"path":"/Users/milenradkov/git/softuni/solidity-smart-contracts-2018/decentralized-dns/smart-contract/contracts/libs/SafeMath.sol","s":{"1":0,"2":0,"3":0,"4":0,"5":0,"6":0,"7":0,"8":0,"9":0,"10":0,"11":0,"12":0},"b":{"1":[0,0],"2":[0,0],"3":[0,0],"4":[0,0]},"f":{"1":0,"2":0,"3":0,"4":0},"fnMap":{"1":{"name":"mul","line":5,"loc":{"start":{"line":5,"column":4},"end":{"line":5,"column":68}}},"2":{"name":"div","line":14,"loc":{"start":{"line":14,"column":4},"end":{"line":14,"column":68}}},"3":{"name":"sub","line":20,"loc":{"start":{"line":20,"column":4},"end":{"line":20,"column":68}}},"4":{"name":"add","line":25,"loc":{"start":{"line":25,"column":4},"end":{"line":25,"column":68}}}},"statementMap":{"1":{"start":{"line":6,"column":8},"end":{"line":6,"column":144}},"2":{"start":{"line":7,"column":12},"end":{"line":7,"column":20}},"3":{"start":{"line":9,"column":8},"end":{"line":9,"column":24}},"4":{"start":{"line":10,"column":8},"end":{"line":10,"column":25}},"5":{"start":{"line":11,"column":8},"end":{"line":11,"column":16}},"6":{"start":{"line":16,"column":8},"end":{"line":16,"column":24}},"7":{"start":{"line":17,"column":8},"end":{"line":17,"column":16}},"8":{"start":{"line":21,"column":8},"end":{"line":21,"column":21}},"9":{"start":{"line":22,"column":8},"end":{"line":22,"column":20}},"10":{"start":{"line":26,"column":8},"end":{"line":26,"column":24}},"11":{"start":{"line":27,"column":8},"end":{"line":27,"column":21}},"12":{"start":{"line":28,"column":8},"end":{"line":28,"column":16}}},"branchMap":{"1":{"line":6,"type":"if","locations":[{"start":{"line":6,"column":8},"end":{"line":6,"column":8}},{"start":{"line":6,"column":8},"end":{"line":6,"column":8}}]},"2":{"line":10,"type":"if","locations":[{"start":{"line":10,"column":8},"end":{"line":10,"column":8}},{"start":{"line":10,"column":8},"end":{"line":10,"column":8}}]},"3":{"line":21,"type":"if","locations":[{"start":{"line":21,"column":8},"end":{"line":21,"column":8}},{"start":{"line":21,"column":8},"end":{"line":21,"column":8}}]},"4":{"line":27,"type":"if","locations":[{"start":{"line":27,"column":8},"end":{"line":27,"column":8}},{"start":{"line":27,"column":8},"end":{"line":27,"column":8}}]}}}}